<?xml version="1.0" encoding="UTF-8"?>
<testng-results ignored="0" total="3" passed="3" failed="0" skipped="0">
  <reporter-output>
  </reporter-output>
  <suite started-at="2024-01-29T12:06:51 IST" name="Suite" finished-at="2024-01-29T12:07:35 IST" duration-ms="43764">
    <groups>
    </groups>
    <test started-at="2024-01-29T12:06:51 IST" name="Test" finished-at="2024-01-29T12:07:35 IST" duration-ms="43764">
      <class name="testCases.TC_003_Truetime">
        <test-method is-config="true" signature="setup(java.lang.String,java.lang.String)[pri:0, instance:testCases.TC_003_Truetime@33065d67]" started-at="2024-01-29T12:06:52 IST" name="setup" finished-at="2024-01-29T12:07:07 IST" duration-ms="15243" status="PASS">
          <params>
            <param index="0">
              <value>
                <![CDATA[Windows]]>
              </value>
            </param>
            <param index="1">
              <value>
                <![CDATA[chrome]]>
              </value>
            </param>
          </params>
          <reporter-output>
          </reporter-output>
        </test-method> <!-- setup -->
        <test-method signature="verifyDetails()[pri:1, instance:testCases.TC_003_Truetime@33065d67]" started-at="2024-01-29T12:07:07 IST" name="verifyDetails" finished-at="2024-01-29T12:07:09 IST" duration-ms="1865" status="PASS">
          <reporter-output>
          </reporter-output>
        </test-method> <!-- verifyDetails -->
        <test-method signature="verify_Truetime()[pri:2, instance:testCases.TC_003_Truetime@33065d67]" started-at="2024-01-29T12:07:09 IST" name="verify_Truetime" finished-at="2024-01-29T12:07:12 IST" depends-on-methods="verifyDetails()" duration-ms="2700" status="PASS">
          <reporter-output>
          </reporter-output>
        </test-method> <!-- verify_Truetime -->
        <test-method signature="verify_Truetimee()[pri:3, instance:testCases.TC_003_Truetime@33065d67]" started-at="2024-01-29T12:07:12 IST" name="verify_Truetimee" finished-at="2024-01-29T12:07:34 IST" depends-on-methods="verifyDetails(), verify_Truetime()" duration-ms="21772" status="PASS">
          <reporter-output>
          </reporter-output>
        </test-method> <!-- verify_Truetimee -->
        <test-method is-config="true" signature="tearDown()[pri:0, instance:testCases.TC_003_Truetime@33065d67]" started-at="2024-01-29T12:07:34 IST" name="tearDown" finished-at="2024-01-29T12:07:35 IST" duration-ms="1337" status="PASS">
          <reporter-output>
          </reporter-output>
        </test-method> <!-- tearDown -->
      </class> <!-- testCases.TC_003_Truetime -->
    </test> <!-- Test -->
  </suite> <!-- Suite -->
</testng-results>
