<?xml version="1.0" encoding="UTF-8"?>
<!-- Generated by org.testng.reporters.JUnitXMLReporter -->
<testsuite ignored="0" hostname="5CG0168KFY" failures="0" tests="3" name="EdgeTest" time="63566.715" errors="0" timestamp="2024-01-18T09:16:32 IST">
  <testcase classname="testCases.TC_001_Verify_Details" name="verifyDetails" time="0.0">
    <skipped/>
  </testcase> <!-- verifyDetails -->
  <testcase classname="testCases.TC_002_OneCogVerification" name="verify_Truetime" time="0.0">
    <skipped/>
  </testcase> <!-- verify_Truetime -->
  <testcase classname="testCases.TC_003_Truetime" name="verify_Truetimee" time="0.0">
    <skipped/>
  </testcase> <!-- verify_Truetimee -->
</testsuite> <!-- EdgeTest -->
