<?xml version="1.0" encoding="UTF-8"?>
<!-- Generated by org.testng.reporters.JUnitXMLReporter -->
<testsuite ignored="0" hostname="5CG0168KFY" failures="0" tests="3" name="Test" time="43.764" errors="0" timestamp="2024-01-29T12:07:36 IST">
  <testcase classname="testCases.TC_001_Verify_Details" name="verifyDetails" time="1.865"/>
  <testcase classname="testCases.TC_002_OneCogVerification" name="verify_Truetime" time="2.7"/>
  <testcase classname="testCases.TC_003_Truetime" name="verify_Truetimee" time="21.772"/>
</testsuite> <!-- Test -->
